<?xml version="1.0" encoding="UTF-8"?>
<!-- Generated by org.testng.reporters.JUnitReportReporter -->
<testsuite hostname="LAPTOP-MADIDHSD" failures="0" tests="9" name="com.omrbranch.pojoclass.Sample" time="8.305" errors="0" timestamp="09 Jul 2024 07:02:17 GMT" skipped="0">
  <testcase classname="com.omrbranch.pojoclass.Sample" name="stateList" time="2.472"/>
  <testcase classname="com.omrbranch.pojoclass.Sample" name="login" time="0.687"/>
  <testcase classname="com.omrbranch.pojoclass.Sample" name="addAddress" time="0.572"/>
  <testcase classname="com.omrbranch.pojoclass.Sample" name="UpdateAddress" time="0.578"/>
  <testcase classname="com.omrbranch.pojoclass.Sample" name="getUseraddress" time="0.492"/>
  <testcase classname="com.omrbranch.pojoclass.Sample" name="deleteaddress" time="0.395"/>
  <testcase classname="com.omrbranch.pojoclass.Sample" name="searchProduct" time="0.463"/>
  <testcase classname="com.omrbranch.pojoclass.Sample" name="cityList" time="0.416"/>
  <testcase classname="com.omrbranch.pojoclass.Sample" name="profilePic" time="2.230"/>
</testsuite> <!-- com.omrbranch.pojoclass.Sample -->
