<?xml version="1.0" encoding="UTF-8"?>
<!-- Generated by org.testng.reporters.JUnitReportReporter -->
<testsuite hostname="LAPTOP-MADIDHSD" failures="0" tests="1" name="com.omrbranch.baseclass.Swagger" time="3.102" errors="0" timestamp="02 Jul 2024 04:38:09 GMT" skipped="0">
  <testcase classname="com.omrbranch.baseclass.Swagger" name="login" time="3.102"/>
</testsuite> <!-- com.omrbranch.baseclass.Swagger -->
